<?xml version="1.0" encoding="UTF-8"?>
<!-- Generated by org.testng.reporters.JUnitReportReporter -->
<testsuite hostname="LAPTOP-02ALHR5V" failures="0" tests="1" name="account.VerifyCreateAccount" time="62.220" errors="0" timestamp="2021-09-07T15:44:24 UYT" skipped="0">
  <testcase classname="account.VerifyCreateAccount" name="testCreateAccount" time="62.220"/>
  <system-out/>
</testsuite> <!-- account.VerifyCreateAccount -->
