<?xml version="1.0" encoding="UTF-8"?>
<!-- Generated by org.testng.reporters.JUnitReportReporter -->
<testsuite hostname="LAPTOP-02ALHR5V" failures="0" tests="1" name="account.VerifyCreateAccount" time="48.308" errors="0" timestamp="2021-10-21T14:22:51 UYT" skipped="0">
  <testcase classname="account.VerifyCreateAccount" name="testCreateAccount" time="48.308"/>
  <system-out/>
</testsuite> <!-- account.VerifyCreateAccount -->
